<?xml version="1.0" encoding="UTF-8"?>
<!-- Generated by org.testng.reporters.JUnitReportReporter -->
<testsuite skipped="0" hostname="DESKTOP-RS60F1V" name="testactivia.ActiviaUs" tests="8" failures="0" timestamp="20 Jul 2017 00:52:26 GMT" time="58.284" errors="0">
  <testcase name="openingWebPage" time="20.962" classname="testactivia.ActiviaUs"/>
  <testcase name="itStartsInside" time="5.373" classname="testactivia.ActiviaUs"/>
  <testcase name="ActiviaProbioticChallenge" time="4.655" classname="testactivia.ActiviaUs"/>
  <testcase name="ProbioticYogurts" time="4.099" classname="testactivia.ActiviaUs"/>
  <testcase name="WhatAreProbiotics" time="4.433" classname="testactivia.ActiviaUs"/>
  <testcase name="HealthCareProfessionals" time="3.988" classname="testactivia.ActiviaUs"/>
  <testcase name="WheretoBuy" time="9.158" classname="testactivia.ActiviaUs"/>
  <testcase name="closingWindow" time="5.616" classname="testactivia.ActiviaUs"/>
</testsuite> <!-- testactivia.ActiviaUs -->
